\BOOKMARK [0][-]{chapter.1}{gFunc Tutorial}{}% 1
\BOOKMARK [0][-]{chapter.2}{Project Summary}{}% 2
\BOOKMARK [1][-]{section.2.1}{Goals}{chapter.2}% 3
\BOOKMARK [1][-]{section.2.2}{Lessons Learned}{chapter.2}% 4
\BOOKMARK [0][-]{chapter.3}{gFunc Auto-Generated Code Documentation}{}% 5
\BOOKMARK [1][-]{section.3.1}{gfunc}{chapter.3}% 6
\BOOKMARK [1][-]{section.3.2}{parsers}{chapter.3}% 7
\BOOKMARK [1][-]{section.3.3}{analysis\137classes.py}{chapter.3}% 8
\BOOKMARK [1][-]{section.3.4}{clustering.py}{chapter.3}% 9
\BOOKMARK [1][-]{section.3.5}{ensembl\137data.py}{chapter.3}% 10
\BOOKMARK [1][-]{section.3.6}{errors.py}{chapter.3}% 11
\BOOKMARK [1][-]{section.3.7}{externals.py}{chapter.3}% 12
\BOOKMARK [1][-]{section.3.8}{fdr.py}{chapter.3}% 13
\BOOKMARK [1][-]{section.3.9}{fileIO.py}{chapter.3}% 14
\BOOKMARK [1][-]{section.3.10}{graphTools.py}{chapter.3}% 15
\BOOKMARK [1][-]{section.3.11}{maths.py}{chapter.3}% 16
\BOOKMARK [1][-]{section.3.12}{motifs.py}{chapter.3}% 17
\BOOKMARK [1][-]{section.3.13}{stats.py}{chapter.3}% 18
\BOOKMARK [1][-]{section.3.14}{galaxy\137tools}{chapter.3}% 19
\BOOKMARK [0][-]{chapter.4}{Indices and tables}{}% 20
\BOOKMARK [0][-]{section*.127}{Python Module Index}{}% 21
\BOOKMARK [0][-]{section*.128}{Index}{}% 22
